Using pre-set license
Built from '2021.3/staging' branch; Version is '2021.3.5f1 (40eb3a945986) revision 4254522'; Using compiler version '192829333'; Build Type 'Release'
OS: 'Windows 10  (10.0.19044) 64bit Professional' Language: 'ko' Physical Memory: 15659 MB
BatchMode: 1, IsHumanControllingUs: 0, StartBugReporterOnCrash: 0, Is64bit: 1, IsPro: 1

COMMAND LINE ARGUMENTS:
C:\Program Files\2021.3.5f1\Editor\Unity.exe
-adb2
-batchMode
-noUpm
-name
AssetImportWorker0
-projectPath
C:/Users/KGA_01/Desktop/Unity-Programming-Essence/Unity-Programming-Essence/14/Zombie
-logFile
Logs/AssetImportWorker0.log
-srvPort
53469
Successfully changed project path to: C:/Users/KGA_01/Desktop/Unity-Programming-Essence/Unity-Programming-Essence/14/Zombie
C:/Users/KGA_01/Desktop/Unity-Programming-Essence/Unity-Programming-Essence/14/Zombie
[UnityMemory] Configuration Parameters - Can be set up in boot.config
    "memorysetup-bucket-allocator-granularity=16"
    "memorysetup-bucket-allocator-bucket-count=8"
    "memorysetup-bucket-allocator-block-size=33554432"
    "memorysetup-bucket-allocator-block-count=8"
    "memorysetup-main-allocator-block-size=16777216"
    "memorysetup-thread-allocator-block-size=16777216"
    "memorysetup-gfx-main-allocator-block-size=16777216"
    "memorysetup-gfx-thread-allocator-block-size=16777216"
    "memorysetup-cache-allocator-block-size=4194304"
    "memorysetup-typetree-allocator-block-size=2097152"
    "memorysetup-profiler-bucket-allocator-granularity=16"
    "memorysetup-profiler-bucket-allocator-bucket-count=8"
    "memorysetup-profiler-bucket-allocator-block-size=33554432"
    "memorysetup-profiler-bucket-allocator-block-count=8"
    "memorysetup-profiler-allocator-block-size=16777216"
    "memorysetup-profiler-editor-allocator-block-size=1048576"
    "memorysetup-temp-allocator-size-main=16777216"
    "memorysetup-job-temp-allocator-block-size=2097152"
    "memorysetup-job-temp-allocator-block-size-background=1048576"
    "memorysetup-job-temp-allocator-reduction-small-platforms=262144"
    "memorysetup-temp-allocator-size-background-worker=32768"
    "memorysetup-temp-allocator-size-job-worker=262144"
    "memorysetup-temp-allocator-size-preload-manager=33554432"
    "memorysetup-temp-allocator-size-nav-mesh-worker=65536"
    "memorysetup-temp-allocator-size-audio-worker=65536"
    "memorysetup-temp-allocator-size-cloud-worker=32768"
    "memorysetup-temp-allocator-size-gi-baking-worker=262144"
    "memorysetup-temp-allocator-size-gfx=262144"
Refreshing native plugins compatible for Editor in 49.51 ms, found 2 plugins.
Preloading 0 native plugins for Editor in 0.00 ms.
Initialize engine version: 2021.3.5f1 (40eb3a945986)
[Subsystems] Discovering subsystems at path C:/Program Files/2021.3.5f1/Editor/Data/Resources/UnitySubsystems
[Subsystems] Discovering subsystems at path C:/Users/KGA_01/Desktop/Unity-Programming-Essence/Unity-Programming-Essence/14/Zombie/Assets
GfxDevice: creating device client; threaded=0; jobified=0
Direct3D:
    Version:  Direct3D 11.0 [level 11.1]
    Renderer: AMD Radeon(TM) Graphics (ID=0x1638)
    Vendor:   ATI
    VRAM:     7829 MB
    Driver:   30.0.13014.8
Initialize mono
Mono path[0] = 'C:/Program Files/2021.3.5f1/Editor/Data/Managed'
Mono path[1] = 'C:/Program Files/2021.3.5f1/Editor/Data/MonoBleedingEdge/lib/mono/unityjit-win32'
Mono config path = 'C:/Program Files/2021.3.5f1/Editor/Data/MonoBleedingEdge/etc'
Using monoOptions --debugger-agent=transport=dt_socket,embedding=1,server=y,suspend=n,address=127.0.0.1:56600
Begin MonoManager ReloadAssembly
Registering precompiled unity dll's ...
Register platform support module: C:/Program Files/2021.3.5f1/Editor/Data/PlaybackEngines/AndroidPlayer/UnityEditor.Android.Extensions.dll
Register platform support module: C:/Program Files/2021.3.5f1/Editor/Data/PlaybackEngines/WindowsStandaloneSupport/UnityEditor.WindowsStandalone.Extensions.dll
Register platform support module: C:/Program Files/2021.3.5f1/Editor/Data/PlaybackEngines/MetroSupport/UnityEditor.UWP.Extensions.dll
Registered in 0.004808 seconds.
Native extension for UWP target not found
Native extension for WindowsStandalone target not found
Native extension for Android target not found
Refreshing native plugins compatible for Editor in 39.92 ms, found 2 plugins.
Preloading 0 native plugins for Editor in 0.00 ms.
Mono: successfully reloaded assembly
- Completed reload, in  0.486 seconds
Domain Reload Profiling:
	ReloadAssembly (486ms)
		BeginReloadAssembly (55ms)
			ExecutionOrderSort (0ms)
			DisableScriptedObjects (0ms)
			BackupInstance (0ms)
			ReleaseScriptingObjects (0ms)
			CreateAndSetChildDomain (1ms)
		EndReloadAssembly (350ms)
			LoadAssemblies (54ms)
			RebuildTransferFunctionScriptingTraits (0ms)
			SetupTypeCache (80ms)
			ReleaseScriptCaches (0ms)
			RebuildScriptCaches (21ms)
			SetupLoadedEditorAssemblies (207ms)
				LogAssemblyErrors (0ms)
				InitializePlatformSupportModulesInManaged (47ms)
				SetLoadedEditorAssemblies (0ms)
				RefreshPlugins (40ms)
				BeforeProcessingInitializeOnLoad (1ms)
				ProcessInitializeOnLoadAttributes (81ms)
				ProcessInitializeOnLoadMethodAttributes (38ms)
				AfterProcessingInitializeOnLoad (0ms)
				EditorAssembliesLoaded (0ms)
			ExecutionOrderSort2 (0ms)
			AwakeInstancesAfterBackupRestoration (0ms)
Platform modules already initialized, skipping
Registering precompiled user dll's ...
Registered in 0.003999 seconds.
Begin MonoManager ReloadAssembly
Native extension for UWP target not found
Native extension for WindowsStandalone target not found
Native extension for Android target not found
Refreshing native plugins compatible for Editor in 0.65 ms, found 2 plugins.
Preloading 0 native plugins for Editor in 0.00 ms.
Package Manager log level set to [2]
Mono: successfully reloaded assembly
- Completed reload, in  0.930 seconds
Domain Reload Profiling:
	ReloadAssembly (930ms)
		BeginReloadAssembly (206ms)
			ExecutionOrderSort (0ms)
			DisableScriptedObjects (7ms)
			BackupInstance (0ms)
			ReleaseScriptingObjects (0ms)
			CreateAndSetChildDomain (128ms)
		EndReloadAssembly (628ms)
			LoadAssemblies (66ms)
			RebuildTransferFunctionScriptingTraits (0ms)
			SetupTypeCache (147ms)
			ReleaseScriptCaches (0ms)
			RebuildScriptCaches (37ms)
			SetupLoadedEditorAssemblies (352ms)
				LogAssemblyErrors (0ms)
				InitializePlatformSupportModulesInManaged (11ms)
				SetLoadedEditorAssemblies (0ms)
				RefreshPlugins (1ms)
				BeforeProcessingInitializeOnLoad (53ms)
				ProcessInitializeOnLoadAttributes (188ms)
				ProcessInitializeOnLoadMethodAttributes (93ms)
				AfterProcessingInitializeOnLoad (5ms)
				EditorAssembliesLoaded (0ms)
			ExecutionOrderSort2 (0ms)
			AwakeInstancesAfterBackupRestoration (4ms)
Platform modules already initialized, skipping
========================================================================
Worker process is ready to serve import requests
Launched and connected shader compiler UnityShaderCompiler.exe after 0.04 seconds
Refreshing native plugins compatible for Editor in 0.68 ms, found 2 plugins.
Preloading 0 native plugins for Editor in 0.00 ms.
Unloading 2604 Unused Serialized files (Serialized files now loaded: 0)
Unloading 84 unused Assets / (1.3 MB). Loaded Objects now: 3028.
Memory consumption went from 106.8 MB to 105.4 MB.
Total: 6.274200 ms (FindLiveObjects: 0.231400 ms CreateObjectMapping: 0.149700 ms MarkObjects: 5.602500 ms  DeleteObjects: 0.289400 ms)

AssetImportParameters requested are different than current active one (requested -> active):
  custom:video-decoder-ogg-theora: a1e56fd34408186e4bbccfd4996cb3dc -> 
  custom:container-muxer-webm: aa71ff27fc2769a1b78a27578f13a17b -> 
  custom:container-demuxer-webm: 4f35f7cbe854078d1ac9338744f61a02 -> 
  custom:video-encoder-webm-vp8: eb34c28f22e8b96e1ab97ce403110664 -> 
  custom:audio-encoder-webm-vorbis: bf7c407c2cedff20999df2af8eb42d56 -> 
  custom:framework-win-MediaFoundation: 216162199b28c13a410421893ffa2e32 -> 
  custom:container-demuxer-ogg: 62fdf1f143b41e24485cea50d1cbac27 -> 
  custom:video-decoder-webm-vp8: 9c59270c3fd7afecdb556c50c9e8de78 -> 
  custom:audio-decoder-ogg-vorbis: bf7c407c2cedff20999df2af8eb42d56 -> 
========================================================================
Received Import Request.
  Time since last request: 68653.085544 seconds.
  path: Assets/Gizmos
  artifactKey: Guid(b606f4f58e098894ba086230e16b0517) Importer(815301076,1909f56bfc062723c751e8b465ee728b)
Start importing Assets/Gizmos using Guid(b606f4f58e098894ba086230e16b0517) Importer(815301076,1909f56bfc062723c751e8b465ee728b)  -> (artifact id: 'dfb68ad69528774873e481747740d1c7') in 0.009834 seconds 
========================================================================
Received Import Request.
  Time since last request: 0.000019 seconds.
  path: Assets/Gizmos/Cinemachine/cm_logo_lg.png
  artifactKey: Guid(294462d0a0b8def4ba1bbbb52c2d1391) Importer(815301076,1909f56bfc062723c751e8b465ee728b)
Start importing Assets/Gizmos/Cinemachine/cm_logo_lg.png using Guid(294462d0a0b8def4ba1bbbb52c2d1391) Importer(815301076,1909f56bfc062723c751e8b465ee728b)  -> (artifact id: '1fba94eb027a307d094d08b7a8cf29eb') in 0.072309 seconds 
========================================================================
Received Import Request.
  Time since last request: 1.013069 seconds.
  path: Assets/Animations
  artifactKey: Guid(26f54e1af9458a344ac7fa6526794715) Importer(815301076,1909f56bfc062723c751e8b465ee728b)
Start importing Assets/Animations using Guid(26f54e1af9458a344ac7fa6526794715) Importer(815301076,1909f56bfc062723c751e8b465ee728b)  -> (artifact id: '2de1ddfe0f1043a34b7e9cc7ed050fd2') in 0.006770 seconds 
========================================================================
Received Import Request.
  Time since last request: 0.053982 seconds.
  path: Assets/Animations/Upper Body Mask.mask
  artifactKey: Guid(a0bb31f6cca2c444dabf132a8b2b5f93) Importer(815301076,1909f56bfc062723c751e8b465ee728b)
Start importing Assets/Animations/Upper Body Mask.mask using Guid(a0bb31f6cca2c444dabf132a8b2b5f93) Importer(815301076,1909f56bfc062723c751e8b465ee728b)  -> (artifact id: 'dffa956c92ebb85048b3924a45619c57') in 0.009138 seconds 
========================================================================
Received Import Request.
  Time since last request: 2.585635 seconds.
  path: Assets/Audios
  artifactKey: Guid(fce4d02c8fc134a40a6dad0ba78bb923) Importer(815301076,1909f56bfc062723c751e8b465ee728b)
Start importing Assets/Audios using Guid(fce4d02c8fc134a40a6dad0ba78bb923) Importer(815301076,1909f56bfc062723c751e8b465ee728b)  -> (artifact id: '4a0fed70f49828033e9d913cd099941c') in 0.006190 seconds 
========================================================================
Received Import Request.
  Time since last request: 0.061482 seconds.
  path: Assets/Audios/Gun Reload.wav
  artifactKey: Guid(9eca29ee7f8209e419470fcd586aec21) Importer(815301076,1909f56bfc062723c751e8b465ee728b)
Start importing Assets/Audios/Gun Reload.wav using Guid(9eca29ee7f8209e419470fcd586aec21) Importer(815301076,1909f56bfc062723c751e8b465ee728b)  -> (artifact id: 'e119ed304285f5a699cdba837c510b14') in 0.074663 seconds 
========================================================================
Received Import Request.
  Time since last request: 0.000016 seconds.
  path: Assets/Audios/Zombie Die.wav
  artifactKey: Guid(b86f03005ed394911b43027aeaaedeb7) Importer(815301076,1909f56bfc062723c751e8b465ee728b)
Start importing Assets/Audios/Zombie Die.wav using Guid(b86f03005ed394911b43027aeaaedeb7) Importer(815301076,1909f56bfc062723c751e8b465ee728b)  -> (artifact id: 'ceebba39906c6c4fbace4caaa643c365') in 0.012114 seconds 
========================================================================
Received Import Request.
  Time since last request: 0.000021 seconds.
  path: Assets/Audios/Pick Up.ogg
  artifactKey: Guid(519ad2e4de69341948a938bf2a31e33b) Importer(815301076,1909f56bfc062723c751e8b465ee728b)
Start importing Assets/Audios/Pick Up.ogg using Guid(519ad2e4de69341948a938bf2a31e33b) Importer(815301076,1909f56bfc062723c751e8b465ee728b)  -> (artifact id: 'a3a11747c6355186ce3bf1be8057437e') in 0.015035 seconds 
========================================================================
Received Import Request.
  Time since last request: 0.000016 seconds.
  path: Assets/Audios/Zombie Damage.wav
  artifactKey: Guid(c3d8accfc053f004ca665a1c8c4a6919) Importer(815301076,1909f56bfc062723c751e8b465ee728b)
Start importing Assets/Audios/Zombie Damage.wav using Guid(c3d8accfc053f004ca665a1c8c4a6919) Importer(815301076,1909f56bfc062723c751e8b465ee728b)  -> (artifact id: '287d00f1886c8ceaae471301b0c6badc') in 0.012205 seconds 
========================================================================
Received Import Request.
  Time since last request: 0.000018 seconds.
  path: Assets/Audios/Music.mp3
  artifactKey: Guid(33a48263b70b34405ba79e06e039919c) Importer(815301076,1909f56bfc062723c751e8b465ee728b)
Start importing Assets/Audios/Music.mp3 using Guid(33a48263b70b34405ba79e06e039919c) Importer(815301076,1909f56bfc062723c751e8b465ee728b)  -> (artifact id: '5d0d9a2ee1f6dc1a5654f95c32698142') in 0.015254 seconds 
========================================================================
Received Prepare
Registering precompiled user dll's ...
Registered in 0.003503 seconds.
Begin MonoManager ReloadAssembly
Native extension for UWP target not found
Native extension for WindowsStandalone target not found
Native extension for Android target not found
Refreshing native plugins compatible for Editor in 0.85 ms, found 2 plugins.
Preloading 0 native plugins for Editor in 0.00 ms.
Mono: successfully reloaded assembly
- Completed reload, in  0.808 seconds
Domain Reload Profiling:
	ReloadAssembly (808ms)
		BeginReloadAssembly (103ms)
			ExecutionOrderSort (0ms)
			DisableScriptedObjects (4ms)
			BackupInstance (0ms)
			ReleaseScriptingObjects (0ms)
			CreateAndSetChildDomain (32ms)
		EndReloadAssembly (626ms)
			LoadAssemblies (58ms)
			RebuildTransferFunctionScriptingTraits (0ms)
			SetupTypeCache (145ms)
			ReleaseScriptCaches (1ms)
			RebuildScriptCaches (31ms)
			SetupLoadedEditorAssemblies (354ms)
				LogAssemblyErrors (0ms)
				InitializePlatformSupportModulesInManaged (18ms)
				SetLoadedEditorAssemblies (0ms)
				RefreshPlugins (1ms)
				BeforeProcessingInitializeOnLoad (52ms)
				ProcessInitializeOnLoadAttributes (191ms)
				ProcessInitializeOnLoadMethodAttributes (87ms)
				AfterProcessingInitializeOnLoad (5ms)
				EditorAssembliesLoaded (0ms)
			ExecutionOrderSort2 (0ms)
			AwakeInstancesAfterBackupRestoration (4ms)
Platform modules already initialized, skipping
Refreshing native plugins compatible for Editor in 4.22 ms, found 2 plugins.
Preloading 0 native plugins for Editor in 0.00 ms.
Unloading 2571 Unused Serialized files (Serialized files now loaded: 0)
Unloading 61 unused Assets / (1.3 MB). Loaded Objects now: 3053.
Memory consumption went from 107.7 MB to 106.4 MB.
Total: 6.281500 ms (FindLiveObjects: 0.182500 ms CreateObjectMapping: 0.061900 ms MarkObjects: 5.796300 ms  DeleteObjects: 0.239700 ms)

AssetImportParameters requested are different than current active one (requested -> active):
  custom:video-decoder-ogg-theora: a1e56fd34408186e4bbccfd4996cb3dc -> 
  custom:container-muxer-webm: aa71ff27fc2769a1b78a27578f13a17b -> 
  custom:container-demuxer-webm: 4f35f7cbe854078d1ac9338744f61a02 -> 
  custom:video-encoder-webm-vp8: eb34c28f22e8b96e1ab97ce403110664 -> 
  custom:audio-encoder-webm-vorbis: bf7c407c2cedff20999df2af8eb42d56 -> 
  custom:framework-win-MediaFoundation: 216162199b28c13a410421893ffa2e32 -> 
  custom:container-demuxer-ogg: 62fdf1f143b41e24485cea50d1cbac27 -> 
  custom:video-decoder-webm-vp8: 9c59270c3fd7afecdb556c50c9e8de78 -> 
  custom:audio-decoder-ogg-vorbis: bf7c407c2cedff20999df2af8eb42d56 -> 
========================================================================
Received Import Request.
  Time since last request: 757.146119 seconds.
  path: Assets/Models/Heart.obj
  artifactKey: Guid(07d0c18f46bf64565a33789d47146ee3) Importer(815301076,1909f56bfc062723c751e8b465ee728b)
Start importing Assets/Models/Heart.obj using Guid(07d0c18f46bf64565a33789d47146ee3) Importer(815301076,1909f56bfc062723c751e8b465ee728b)  -> (artifact id: 'db2b1c7d52bb71a760e35f01ef8496d5') in 0.308280 seconds 
========================================================================
Received Import Request.
  Time since last request: 0.000025 seconds.
  path: Assets/Models/Uzi.fbx
  artifactKey: Guid(4dec6109f82d4b6458c6ffabdc1fd749) Importer(815301076,1909f56bfc062723c751e8b465ee728b)
Start importing Assets/Models/Uzi.fbx using Guid(4dec6109f82d4b6458c6ffabdc1fd749) Importer(815301076,1909f56bfc062723c751e8b465ee728b)  -> (artifact id: 'a6d3c87b47177559e113ec2b052056e0') in 0.072082 seconds 
========================================================================
Received Import Request.
  Time since last request: 17.016347 seconds.
  path: Assets/Sprites/Health Circle.png
  artifactKey: Guid(5840c0af730eb41e28c033918680246d) Importer(815301076,1909f56bfc062723c751e8b465ee728b)
Start importing Assets/Sprites/Health Circle.png using Guid(5840c0af730eb41e28c033918680246d) Importer(815301076,1909f56bfc062723c751e8b465ee728b)  -> (artifact id: '182b2f01eafbd1f3aa1520e1bf177631') in 0.036655 seconds 
========================================================================
Received Import Request.
  Time since last request: 5.286317 seconds.
  path: Assets/Textures/SmokePuffParticleSheet.png
  artifactKey: Guid(d3c9883e2f0eef44f9241b6f8428f9fc) Importer(815301076,1909f56bfc062723c751e8b465ee728b)
Start importing Assets/Textures/SmokePuffParticleSheet.png using Guid(d3c9883e2f0eef44f9241b6f8428f9fc) Importer(815301076,1909f56bfc062723c751e8b465ee728b)  -> (artifact id: '1405c091a097f050bf6f70f485b38350') in 0.019900 seconds 
========================================================================
Received Import Request.
  Time since last request: 1.038235 seconds.
  path: Assets/Textures/FlameRoundParticleSheet.tif
  artifactKey: Guid(408718fd5f763de42b12f849570ddf58) Importer(815301076,1909f56bfc062723c751e8b465ee728b)
Start importing Assets/Textures/FlameRoundParticleSheet.tif using Guid(408718fd5f763de42b12f849570ddf58) Importer(815301076,1909f56bfc062723c751e8b465ee728b)  -> (artifact id: '4dbd38d92216f0bfd3e05f7b4bdc6519') in 0.014039 seconds 
========================================================================
Received Import Request.
  Time since last request: 679.607940 seconds.
  path: Assets/Prefabs/Level Art.prefab
  artifactKey: Guid(49b04053ea2dc49ae8eae12418134ef1) Importer(815301076,1909f56bfc062723c751e8b465ee728b)
Start importing Assets/Prefabs/Level Art.prefab using Guid(49b04053ea2dc49ae8eae12418134ef1) Importer(815301076,1909f56bfc062723c751e8b465ee728b)  -> (artifact id: '9ccc4c649a4b9d5bf98035bee5f382f9') in 1.957001 seconds 
Editor requested this worker to shutdown with reason: Scaling down because of idle timeout
AssetImportWorker is now disconnected from the server
Process exiting
Exiting without the bug reporter. Application will terminate with return code 0